<?xml version="1.0" encoding="UTF-8"?>
<testsuite xmlns:xsi="http://www.w3.org/2001/XMLSchema-instance" xsi:noNamespaceSchemaLocation="https://maven.apache.org/surefire/maven-surefire-plugin/xsd/surefire-test-report-3.0.xsd" version="3.0" name="com.paxaris.gateway.GatewayApplicationTests" time="1.738" tests="1" errors="0" skipped="0" failures="0">
  <properties>
[...]
</properties>
  <testcase name="contextLoads" classname="com.paxaris.gateway.GatewayApplicationTests" time="0.008">
    <system-out><![CDATA[16:20:48.395 [main] INFO org.springframework.test.context.support.AnnotationConfigContextLoaderUtils -- Could not detect default configuration classes for test class [com.paxaris.gateway.GatewayApplicationTests]: GatewayApplicationTests does not declare any static, non-private, non-final, nested classes annotated with @Configuration.
16:20:48.434 [main] INFO org.springframework.boot.test.context.SpringBootTestContextBootstrapper -- Found @SpringBootConfiguration com.paxaris.gateway.GatewayApplication for test class com.paxaris.gateway.GatewayApplicationTests

  .   ____          _            __ _ _
 /\\ / ___'_ __ _ _(_)_ __  __ _ \ \ \ \
( ( )\___ | '_ | '_| | '_ \/ _` | \ \ \ \
 \\/  ___)| |_)| | | | | || (_| |  ) ) ) )
  '  |____| .__|_| |_|_| |_\__, | / / / /
 =========|_|==============|___/=/_/_/_/

 :: Spring Boot ::                (v3.5.6)

2026-04-10T16:20:48.686+05:30  INFO [traceId=,spanId=,correlationId=] 95774 --- [api-gateway] [           main] [                                                 ] c.p.gateway.GatewayApplicationTests      : Starting GatewayApplicationTests using Java 21.0.10 with PID 95774 (started by m5 in /Users/m5/paxarisglobal product/api-gateway)
2026-04-10T16:20:48.687+05:30 DEBUG [traceId=,spanId=,correlationId=] 95774 --- [api-gateway] [           main] [                                                 ] c.p.gateway.GatewayApplicationTests      : Running with Spring Boot v3.5.6, Spring v6.2.11
2026-04-10T16:20:48.687+05:30  INFO [traceId=,spanId=,correlationId=] 95774 --- [api-gateway] [           main] [                                                 ] c.p.gateway.GatewayApplicationTests      : No active profile set, falling back to 1 default profile: "default"
2026-04-10T16:20:49.102+05:30  INFO [traceId=,spanId=,correlationId=] 95774 --- [api-gateway] [           main] [                                                 ] o.s.cloud.context.scope.GenericScope     : BeanFactory id=68c7d4aa-2453-3012-a88b-b9c0262c3653
2026-04-10T16:20:49.741+05:30 DEBUG [traceId=,spanId=,correlationId=] 95774 --- [api-gateway] [           main] [                                                 ] o.s.c.gateway.config.GatewayProperties   : Routes supplied from Gateway Properties: [RouteDefinition{id='keycloak_admin_v1_route', predicates=[PredicateDefinition{name='Path', args={_genkey_0=/api/v1/identity/{realm}/admin/**}}], filters=[FilterDefinition{name='RewritePath', args={_genkey_0=/api/v1/identity/(?<realm>[^/]+)/admin/(?<segment>.*), _genkey_1=/admin/realms/${realm}/${segment}}}, FilterDefinition{name='PreserveHostHeader', args={_genkey_0=true}}], uri=http://localhost:8080, order=0, metadata={}, enabled=true}, RouteDefinition{id='identity_service_v1_route', predicates=[PredicateDefinition{name='Path', args={_genkey_0=/api/v1/identity, _genkey_1=/api/v1/identity/**}}], filters=[FilterDefinition{name='StripPrefix', args={_genkey_0=3}}], uri=http://localhost:8087, order=0, metadata={}, enabled=true}, RouteDefinition{id='project_service_v1_route', predicates=[PredicateDefinition{name='Path', args={_genkey_0=/api/v1/project, _genkey_1=/api/v1/project/**}}], filters=[FilterDefinition{name='StripPrefix', args={_genkey_0=2}}], uri=http://localhost:8088, order=0, metadata={}, enabled=true}, RouteDefinition{id='product_service_route', predicates=[PredicateDefinition{name='Path', args={_genkey_0=/product/**}}], filters=[FilterDefinition{name='StripPrefix', args={_genkey_0=1}}], uri=http://localhost:8088, order=0, metadata={}, enabled=true}, RouteDefinition{id='identity_service_route', predicates=[PredicateDefinition{name='Path', args={_genkey_0=/identity, _genkey_1=/identity/**}}], filters=[FilterDefinition{name='StripPrefix', args={_genkey_0=1}}], uri=http://localhost:8087, order=0, metadata={}, enabled=true}, RouteDefinition{id='keycloak_admin_route', predicates=[PredicateDefinition{name='Path', args={_genkey_0=/identity/{realm}/admin/**}}], filters=[FilterDefinition{name='RewritePath', args={_genkey_0=/identity/(?<realm>[^/]+)/admin/(?<segment>.*), _genkey_1=/admin/realms/${realm}/${segment}}}, FilterDefinition{name='PreserveHostHeader', args={_genkey_0=true}}], uri=http://localhost:8080, order=0, metadata={}, enabled=true}, RouteDefinition{id='dynamic_project_route', predicates=[PredicateDefinition{name='Path', args={_genkey_0=/**}}], filters=[], uri=http://localhost:8088, order=0, metadata={}, enabled=true}]
2026-04-10T16:20:49.812+05:30  INFO [traceId=,spanId=,correlationId=] 95774 --- [api-gateway] [           main] [                                                 ] o.s.c.g.r.RouteDefinitionRouteLocator    : Loaded RoutePredicateFactory [After]
2026-04-10T16:20:49.812+05:30  INFO [traceId=,spanId=,correlationId=] 95774 --- [api-gateway] [           main] [                                                 ] o.s.c.g.r.RouteDefinitionRouteLocator    : Loaded RoutePredicateFactory [Before]
2026-04-10T16:20:49.812+05:30  INFO [traceId=,spanId=,correlationId=] 95774 --- [api-gateway] [           main] [                                                 ] o.s.c.g.r.RouteDefinitionRouteLocator    : Loaded RoutePredicateFactory [Between]
2026-04-10T16:20:49.813+05:30  INFO [traceId=,spanId=,correlationId=] 95774 --- [api-gateway] [           main] [                                                 ] o.s.c.g.r.RouteDefinitionRouteLocator    : Loaded RoutePredicateFactory [Cookie]
2026-04-10T16:20:49.813+05:30  INFO [traceId=,spanId=,correlationId=] 95774 --- [api-gateway] [           main] [                                                 ] o.s.c.g.r.RouteDefinitionRouteLocator    : Loaded RoutePredicateFactory [Header]
2026-04-10T16:20:49.813+05:30  INFO [traceId=,spanId=,correlationId=] 95774 --- [api-gateway] [           main] [                                                 ] o.s.c.g.r.RouteDefinitionRouteLocator    : Loaded RoutePredicateFactory [Host]
2026-04-10T16:20:49.813+05:30  INFO [traceId=,spanId=,correlationId=] 95774 --- [api-gateway] [           main] [                                                 ] o.s.c.g.r.RouteDefinitionRouteLocator    : Loaded RoutePredicateFactory [Method]
2026-04-10T16:20:49.813+05:30  INFO [traceId=,spanId=,correlationId=] 95774 --- [api-gateway] [           main] [                                                 ] o.s.c.g.r.RouteDefinitionRouteLocator    : Loaded RoutePredicateFactory [Path]
2026-04-10T16:20:49.813+05:30  INFO [traceId=,spanId=,correlationId=] 95774 --- [api-gateway] [           main] [                                                 ] o.s.c.g.r.RouteDefinitionRouteLocator    : Loaded RoutePredicateFactory [Query]
2026-04-10T16:20:49.813+05:30  INFO [traceId=,spanId=,correlationId=] 95774 --- [api-gateway] [           main] [                                                 ] o.s.c.g.r.RouteDefinitionRouteLocator    : Loaded RoutePredicateFactory [ReadBody]
2026-04-10T16:20:49.813+05:30  INFO [traceId=,spanId=,correlationId=] 95774 --- [api-gateway] [           main] [                                                 ] o.s.c.g.r.RouteDefinitionRouteLocator    : Loaded RoutePredicateFactory [RemoteAddr]
2026-04-10T16:20:49.813+05:30  INFO [traceId=,spanId=,correlationId=] 95774 --- [api-gateway] [           main] [                                                 ] o.s.c.g.r.RouteDefinitionRouteLocator    : Loaded RoutePredicateFactory [XForwardedRemoteAddr]
2026-04-10T16:20:49.813+05:30  INFO [traceId=,spanId=,correlationId=] 95774 --- [api-gateway] [           main] [                                                 ] o.s.c.g.r.RouteDefinitionRouteLocator    : Loaded RoutePredicateFactory [Weight]
2026-04-10T16:20:49.813+05:30  INFO [traceId=,spanId=,correlationId=] 95774 --- [api-gateway] [           main] [                                                 ] o.s.c.g.r.RouteDefinitionRouteLocator    : Loaded RoutePredicateFactory [CloudFoundryRouteService]
2026-04-10T16:20:49.890+05:30  INFO [traceId=,spanId=,correlationId=] 95774 --- [api-gateway] [           main] [                                                 ] o.s.b.a.e.web.EndpointLinksResolver      : Exposing 2 endpoints beneath base path '/actuator'
2026-04-10T16:20:50.006+05:30 DEBUG [traceId=,spanId=,correlationId=] 95774 --- [api-gateway] [           main] [                                                 ] o.s.c.g.r.RouteDefinitionRouteLocator    : RouteDefinition keycloak_admin_v1_route applying {_genkey_0=/api/v1/identity/{realm}/admin/**} to Path
2026-04-10T16:20:50.012+05:30 DEBUG [traceId=,spanId=,correlationId=] 95774 --- [api-gateway] [           main] [                                                 ] o.s.c.g.r.RouteDefinitionRouteLocator    : RouteDefinition keycloak_admin_v1_route applying filter {_genkey_0=/api/v1/identity/(?<realm>[^/]+)/admin/(?<segment>.*), _genkey_1=/admin/realms/${realm}/${segment}} to RewritePath
2026-04-10T16:20:50.017+05:30 DEBUG [traceId=,spanId=,correlationId=] 95774 --- [api-gateway] [           main] [                                                 ] o.s.c.g.r.RouteDefinitionRouteLocator    : RouteDefinition keycloak_admin_v1_route applying filter {_genkey_0=true} to PreserveHostHeader
2026-04-10T16:20:50.018+05:30 DEBUG [traceId=,spanId=,correlationId=] 95774 --- [api-gateway] [           main] [                                                 ] o.s.c.g.r.RouteDefinitionRouteLocator    : RouteDefinition matched: keycloak_admin_v1_route
2026-04-10T16:20:50.018+05:30 DEBUG [traceId=,spanId=,correlationId=] 95774 --- [api-gateway] [           main] [                                                 ] o.s.c.g.r.RouteDefinitionRouteLocator    : RouteDefinition identity_service_v1_route applying {_genkey_0=/api/v1/identity, _genkey_1=/api/v1/identity/**} to Path
2026-04-10T16:20:50.019+05:30 DEBUG [traceId=,spanId=,correlationId=] 95774 --- [api-gateway] [           main] [                                                 ] o.s.c.g.r.RouteDefinitionRouteLocator    : RouteDefinition identity_service_v1_route applying filter {_genkey_0=3} to StripPrefix
2026-04-10T16:20:50.020+05:30 DEBUG [traceId=,spanId=,correlationId=] 95774 --- [api-gateway] [           main] [                                                 ] o.s.c.g.r.RouteDefinitionRouteLocator    : RouteDefinition matched: identity_service_v1_route
2026-04-10T16:20:50.020+05:30 DEBUG [traceId=,spanId=,correlationId=] 95774 --- [api-gateway] [           main] [                                                 ] o.s.c.g.r.RouteDefinitionRouteLocator    : RouteDefinition project_service_v1_route applying {_genkey_0=/api/v1/project, _genkey_1=/api/v1/project/**} to Path
2026-04-10T16:20:50.021+05:30 DEBUG [traceId=,spanId=,correlationId=] 95774 --- [api-gateway] [           main] [                                                 ] o.s.c.g.r.RouteDefinitionRouteLocator    : RouteDefinition project_service_v1_route applying filter {_genkey_0=2} to StripPrefix
2026-04-10T16:20:50.021+05:30 DEBUG [traceId=,spanId=,correlationId=] 95774 --- [api-gateway] [           main] [                                                 ] o.s.c.g.r.RouteDefinitionRouteLocator    : RouteDefinition matched: project_service_v1_route
2026-04-10T16:20:50.021+05:30 DEBUG [traceId=,spanId=,correlationId=] 95774 --- [api-gateway] [           main] [                                                 ] o.s.c.g.r.RouteDefinitionRouteLocator    : RouteDefinition product_service_route applying {_genkey_0=/product/**} to Path
2026-04-10T16:20:50.021+05:30 DEBUG [traceId=,spanId=,correlationId=] 95774 --- [api-gateway] [           main] [                                                 ] o.s.c.g.r.RouteDefinitionRouteLocator    : RouteDefinition product_service_route applying filter {_genkey_0=1} to StripPrefix
2026-04-10T16:20:50.021+05:30 DEBUG [traceId=,spanId=,correlationId=] 95774 --- [api-gateway] [           main] [                                                 ] o.s.c.g.r.RouteDefinitionRouteLocator    : RouteDefinition matched: product_service_route
2026-04-10T16:20:50.022+05:30 DEBUG [traceId=,spanId=,correlationId=] 95774 --- [api-gateway] [           main] [                                                 ] o.s.c.g.r.RouteDefinitionRouteLocator    : RouteDefinition identity_service_route applying {_genkey_0=/identity, _genkey_1=/identity/**} to Path
2026-04-10T16:20:50.022+05:30 DEBUG [traceId=,spanId=,correlationId=] 95774 --- [api-gateway] [           main] [                                                 ] o.s.c.g.r.RouteDefinitionRouteLocator    : RouteDefinition identity_service_route applying filter {_genkey_0=1} to StripPrefix
2026-04-10T16:20:50.022+05:30 DEBUG [traceId=,spanId=,correlationId=] 95774 --- [api-gateway] [           main] [                                                 ] o.s.c.g.r.RouteDefinitionRouteLocator    : RouteDefinition matched: identity_service_route
2026-04-10T16:20:50.022+05:30 DEBUG [traceId=,spanId=,correlationId=] 95774 --- [api-gateway] [           main] [                                                 ] o.s.c.g.r.RouteDefinitionRouteLocator    : RouteDefinition keycloak_admin_route applying {_genkey_0=/identity/{realm}/admin/**} to Path
2026-04-10T16:20:50.023+05:30 DEBUG [traceId=,spanId=,correlationId=] 95774 --- [api-gateway] [           main] [                                                 ] o.s.c.g.r.RouteDefinitionRouteLocator    : RouteDefinition keycloak_admin_route applying filter {_genkey_0=/identity/(?<realm>[^/]+)/admin/(?<segment>.*), _genkey_1=/admin/realms/${realm}/${segment}} to RewritePath
2026-04-10T16:20:50.023+05:30 DEBUG [traceId=,spanId=,correlationId=] 95774 --- [api-gateway] [           main] [                                                 ] o.s.c.g.r.RouteDefinitionRouteLocator    : RouteDefinition keycloak_admin_route applying filter {_genkey_0=true} to PreserveHostHeader
2026-04-10T16:20:50.024+05:30 DEBUG [traceId=,spanId=,correlationId=] 95774 --- [api-gateway] [           main] [                                                 ] o.s.c.g.r.RouteDefinitionRouteLocator    : RouteDefinition matched: keycloak_admin_route
2026-04-10T16:20:50.024+05:30 DEBUG [traceId=,spanId=,correlationId=] 95774 --- [api-gateway] [           main] [                                                 ] o.s.c.g.r.RouteDefinitionRouteLocator    : RouteDefinition dynamic_project_route applying {_genkey_0=/**} to Path
2026-04-10T16:20:50.024+05:30 DEBUG [traceId=,spanId=,correlationId=] 95774 --- [api-gateway] [           main] [                                                 ] o.s.c.g.r.RouteDefinitionRouteLocator    : RouteDefinition matched: dynamic_project_route
2026-04-10T16:20:50.026+05:30 DEBUG [traceId=,spanId=,correlationId=] 95774 --- [api-gateway] [           main] [                                                 ] o.s.c.g.filter.GatewayMetricsFilter      : New routes count: 7
2026-04-10T16:20:50.027+05:30  INFO [traceId=,spanId=,correlationId=] 95774 --- [api-gateway] [           main] [                                                 ] c.p.gateway.GatewayApplicationTests      : Started GatewayApplicationTests in 1.478 seconds (process running for 1.894)
]]></system-out>
    <system-err><![CDATA[Mockito is currently self-attaching to enable the inline-mock-maker. This will no longer work in future releases of the JDK. Please add Mockito as an agent to your build as described in Mockito's documentation: https://javadoc.io/doc/org.mockito/mockito-core/latest/org.mockito/org/mockito/Mockito.html#0.3
WARNING: A Java agent has been loaded dynamically (/Users/m5/.m2/repository/net/bytebuddy/byte-buddy-agent/1.17.7/byte-buddy-agent-1.17.7.jar)
WARNING: If a serviceability tool is in use, please run with -XX:+EnableDynamicAgentLoading to hide this warning
WARNING: If a serviceability tool is not in use, please run with -Djdk.instrument.traceUsage for more information
WARNING: Dynamic loading of agents will be disallowed by default in a future release
]]></system-err>
  </testcase>
</testsuite>