<?xml version="1.0" encoding="UTF-8"?>
<testsuite xmlns:xsi="http://www.w3.org/2001/XMLSchema-instance" xsi:noNamespaceSchemaLocation="https://maven.apache.org/surefire/maven-surefire-plugin/xsd/surefire-test-report-3.0.xsd" version="3.0" name="com.paxaris.gateway.GatewayApplicationTests" time="12.813" tests="1" errors="0" skipped="0" failures="0">
  <properties>
[...]
</properties>
  <testcase name="contextLoads" classname="com.paxaris.gateway.GatewayApplicationTests" time="0.073">
    <system-out><![CDATA[16:34:04.740 [main] INFO org.springframework.test.context.support.AnnotationConfigContextLoaderUtils -- Could not detect default configuration classes for test class [com.paxaris.gateway.GatewayApplicationTests]: GatewayApplicationTests does not declare any static, non-private, non-final, nested classes annotated with @Configuration.
16:34:05.069 [main] INFO org.springframework.boot.test.context.SpringBootTestContextBootstrapper -- Found @SpringBootConfiguration com.paxaris.gateway.GatewayApplication for test class com.paxaris.gateway.GatewayApplicationTests

  .   ____          _            __ _ _
 /\\ / ___'_ __ _ _(_)_ __  __ _ \ \ \ \
( ( )\___ | '_ | '_| | '_ \/ _` | \ \ \ \
 \\/  ___)| |_)| | | | | || (_| |  ) ) ) )
  '  |____| .__|_| |_|_| |_\__, | / / / /
 =========|_|==============|___/=/_/_/_/

 :: Spring Boot ::                (v3.5.6)

2026-03-10T16:34:07.130+05:30  INFO 22208 --- [api-gateway] [           main] c.p.gateway.GatewayApplicationTests      : Starting GatewayApplicationTests using Java 21.0.5 with PID 22208 (started by Admin in D:\paxo_base_project\api-gateway)
2026-03-10T16:34:07.133+05:30 DEBUG 22208 --- [api-gateway] [           main] c.p.gateway.GatewayApplicationTests      : Running with Spring Boot v3.5.6, Spring v6.2.11
2026-03-10T16:34:07.134+05:30  INFO 22208 --- [api-gateway] [           main] c.p.gateway.GatewayApplicationTests      : No active profile set, falling back to 1 default profile: "default"
2026-03-10T16:34:12.995+05:30  INFO 22208 --- [api-gateway] [           main] o.s.cloud.context.scope.GenericScope     : BeanFactory id=ea49a203-bf5e-3cbe-baec-c51168a62f58
2026-03-10T16:34:14.687+05:30 DEBUG 22208 --- [api-gateway] [           main] o.s.c.gateway.config.GatewayProperties   : Routes supplied from Gateway Properties: [RouteDefinition{id='product_service_route', predicates=[PredicateDefinition{name='Path', args={_genkey_0=/product/**}}], filters=[FilterDefinition{name='StripPrefix', args={_genkey_0=1}}], uri=http://localhost:8088, order=0, metadata={}, enabled=true}, RouteDefinition{id='identity_service_route', predicates=[PredicateDefinition{name='Path', args={_genkey_0=/identity/**}}], filters=[FilterDefinition{name='StripPrefix', args={_genkey_0=1}}], uri=http://localhost:8087, order=0, metadata={}, enabled=true}, RouteDefinition{id='keycloak_admin_route', predicates=[PredicateDefinition{name='Path', args={_genkey_0=/identity/{realm}/admin/**}}], filters=[FilterDefinition{name='RewritePath', args={_genkey_0=/identity/(?<realm>[^/]+)/admin/(?<segment>.*), _genkey_1=/admin/realms/${realm}/${segment}}}, FilterDefinition{name='PreserveHostHeader', args={_genkey_0=true}}], uri=http://localhost:8080, order=0, metadata={}, enabled=true}, RouteDefinition{id='dynamic_project_route', predicates=[PredicateDefinition{name='Path', args={_genkey_0=/**}}], filters=[], uri=http://localhost:8088, order=0, metadata={}, enabled=true}]
2026-03-10T16:34:15.140+05:30  INFO 22208 --- [api-gateway] [           main] o.s.c.g.r.RouteDefinitionRouteLocator    : Loaded RoutePredicateFactory [After]
2026-03-10T16:34:15.141+05:30  INFO 22208 --- [api-gateway] [           main] o.s.c.g.r.RouteDefinitionRouteLocator    : Loaded RoutePredicateFactory [Before]
2026-03-10T16:34:15.141+05:30  INFO 22208 --- [api-gateway] [           main] o.s.c.g.r.RouteDefinitionRouteLocator    : Loaded RoutePredicateFactory [Between]
2026-03-10T16:34:15.141+05:30  INFO 22208 --- [api-gateway] [           main] o.s.c.g.r.RouteDefinitionRouteLocator    : Loaded RoutePredicateFactory [Cookie]
2026-03-10T16:34:15.141+05:30  INFO 22208 --- [api-gateway] [           main] o.s.c.g.r.RouteDefinitionRouteLocator    : Loaded RoutePredicateFactory [Header]
2026-03-10T16:34:15.142+05:30  INFO 22208 --- [api-gateway] [           main] o.s.c.g.r.RouteDefinitionRouteLocator    : Loaded RoutePredicateFactory [Host]
2026-03-10T16:34:15.142+05:30  INFO 22208 --- [api-gateway] [           main] o.s.c.g.r.RouteDefinitionRouteLocator    : Loaded RoutePredicateFactory [Method]
2026-03-10T16:34:15.142+05:30  INFO 22208 --- [api-gateway] [           main] o.s.c.g.r.RouteDefinitionRouteLocator    : Loaded RoutePredicateFactory [Path]
2026-03-10T16:34:15.143+05:30  INFO 22208 --- [api-gateway] [           main] o.s.c.g.r.RouteDefinitionRouteLocator    : Loaded RoutePredicateFactory [Query]
2026-03-10T16:34:15.143+05:30  INFO 22208 --- [api-gateway] [           main] o.s.c.g.r.RouteDefinitionRouteLocator    : Loaded RoutePredicateFactory [ReadBody]
2026-03-10T16:34:15.143+05:30  INFO 22208 --- [api-gateway] [           main] o.s.c.g.r.RouteDefinitionRouteLocator    : Loaded RoutePredicateFactory [RemoteAddr]
2026-03-10T16:34:15.143+05:30  INFO 22208 --- [api-gateway] [           main] o.s.c.g.r.RouteDefinitionRouteLocator    : Loaded RoutePredicateFactory [XForwardedRemoteAddr]
2026-03-10T16:34:15.143+05:30  INFO 22208 --- [api-gateway] [           main] o.s.c.g.r.RouteDefinitionRouteLocator    : Loaded RoutePredicateFactory [Weight]
2026-03-10T16:34:15.144+05:30  INFO 22208 --- [api-gateway] [           main] o.s.c.g.r.RouteDefinitionRouteLocator    : Loaded RoutePredicateFactory [CloudFoundryRouteService]
2026-03-10T16:34:15.897+05:30  INFO 22208 --- [api-gateway] [           main] o.s.b.a.e.web.EndpointLinksResolver      : Exposing 1 endpoint beneath base path '/actuator'
2026-03-10T16:34:16.727+05:30 DEBUG 22208 --- [api-gateway] [           main] o.s.c.g.r.RouteDefinitionRouteLocator    : RouteDefinition product_service_route applying {_genkey_0=/product/**} to Path
2026-03-10T16:34:16.798+05:30 DEBUG 22208 --- [api-gateway] [           main] o.s.c.g.r.RouteDefinitionRouteLocator    : RouteDefinition product_service_route applying filter {_genkey_0=1} to StripPrefix
2026-03-10T16:34:16.825+05:30 DEBUG 22208 --- [api-gateway] [           main] o.s.c.g.r.RouteDefinitionRouteLocator    : RouteDefinition matched: product_service_route
2026-03-10T16:34:16.825+05:30 DEBUG 22208 --- [api-gateway] [           main] o.s.c.g.r.RouteDefinitionRouteLocator    : RouteDefinition identity_service_route applying {_genkey_0=/identity/**} to Path
2026-03-10T16:34:16.831+05:30 DEBUG 22208 --- [api-gateway] [           main] o.s.c.g.r.RouteDefinitionRouteLocator    : RouteDefinition identity_service_route applying filter {_genkey_0=1} to StripPrefix
2026-03-10T16:34:16.835+05:30 DEBUG 22208 --- [api-gateway] [           main] o.s.c.g.r.RouteDefinitionRouteLocator    : RouteDefinition matched: identity_service_route
2026-03-10T16:34:16.836+05:30 DEBUG 22208 --- [api-gateway] [           main] o.s.c.g.r.RouteDefinitionRouteLocator    : RouteDefinition keycloak_admin_route applying {_genkey_0=/identity/{realm}/admin/**} to Path
2026-03-10T16:34:16.844+05:30 DEBUG 22208 --- [api-gateway] [           main] o.s.c.g.r.RouteDefinitionRouteLocator    : RouteDefinition keycloak_admin_route applying filter {_genkey_0=/identity/(?<realm>[^/]+)/admin/(?<segment>.*), _genkey_1=/admin/realms/${realm}/${segment}} to RewritePath
2026-03-10T16:34:16.883+05:30 DEBUG 22208 --- [api-gateway] [           main] o.s.c.g.r.RouteDefinitionRouteLocator    : RouteDefinition keycloak_admin_route applying filter {_genkey_0=true} to PreserveHostHeader
2026-03-10T16:34:16.889+05:30 DEBUG 22208 --- [api-gateway] [           main] o.s.c.g.r.RouteDefinitionRouteLocator    : RouteDefinition matched: keycloak_admin_route
2026-03-10T16:34:16.890+05:30 DEBUG 22208 --- [api-gateway] [           main] o.s.c.g.r.RouteDefinitionRouteLocator    : RouteDefinition dynamic_project_route applying {_genkey_0=/**} to Path
2026-03-10T16:34:16.898+05:30 DEBUG 22208 --- [api-gateway] [           main] o.s.c.g.r.RouteDefinitionRouteLocator    : RouteDefinition matched: dynamic_project_route
2026-03-10T16:34:16.916+05:30 DEBUG 22208 --- [api-gateway] [           main] o.s.c.g.filter.GatewayMetricsFilter      : New routes count: 4
2026-03-10T16:34:16.925+05:30  INFO 22208 --- [api-gateway] [           main] c.p.gateway.GatewayApplicationTests      : Started GatewayApplicationTests in 10.784 seconds (process running for 19.044)
2026-03-10T16:34:17.187+05:30  WARN 22208 --- [api-gateway] [           main] ServerWebfluxPropertiesMigrationListener : 
The use of configuration keys that have been renamed was found in the environment:

Property source 'Config resource 'class path resource [application.yml]' via location 'optional:classpath:/'':
	Key: spring.cloud.gateway.routes[0].id
		Line: 12
		Replacement: spring.cloud.gateway.server.webflux.routes[0].id
	Key: spring.cloud.gateway.routes[0].uri
		Line: 13
		Replacement: spring.cloud.gateway.server.webflux.routes[0].uri
	Key: spring.cloud.gateway.routes[0].predicates[0]
		Line: 15
		Replacement: spring.cloud.gateway.server.webflux.routes[0].predicates[0]
	Key: spring.cloud.gateway.routes[0].filters[0]
		Line: 17
		Replacement: spring.cloud.gateway.server.webflux.routes[0].filters[0]
	Key: spring.cloud.gateway.routes[1].id
		Line: 19
		Replacement: spring.cloud.gateway.server.webflux.routes[1].id
	Key: spring.cloud.gateway.routes[1].uri
		Line: 20
		Replacement: spring.cloud.gateway.server.webflux.routes[1].uri
	Key: spring.cloud.gateway.routes[1].predicates[0]
		Line: 22
		Replacement: spring.cloud.gateway.server.webflux.routes[1].predicates[0]
	Key: spring.cloud.gateway.routes[1].filters[0]
		Line: 24
		Replacement: spring.cloud.gateway.server.webflux.routes[1].filters[0]
	Key: spring.cloud.gateway.routes[2].id
		Line: 26
		Replacement: spring.cloud.gateway.server.webflux.routes[2].id
	Key: spring.cloud.gateway.routes[2].uri
		Line: 27
		Replacement: spring.cloud.gateway.server.webflux.routes[2].uri
	Key: spring.cloud.gateway.routes[2].predicates[0]
		Line: 29
		Replacement: spring.cloud.gateway.server.webflux.routes[2].predicates[0]
	Key: spring.cloud.gateway.routes[2].filters[0]
		Line: 31
		Replacement: spring.cloud.gateway.server.webflux.routes[2].filters[0]
	Key: spring.cloud.gateway.routes[2].filters[1]
		Line: 32
		Replacement: spring.cloud.gateway.server.webflux.routes[2].filters[1]
	Key: spring.cloud.gateway.routes[3].id
		Line: 34
		Replacement: spring.cloud.gateway.server.webflux.routes[3].id
	Key: spring.cloud.gateway.routes[3].uri
		Line: 35
		Replacement: spring.cloud.gateway.server.webflux.routes[3].uri
	Key: spring.cloud.gateway.routes[3].predicates[0]
		Line: 37
		Replacement: spring.cloud.gateway.server.webflux.routes[3].predicates[0]


Each configuration key has been temporarily mapped to its replacement for your convenience. To silence this warning, please update your configuration to use the new keys.

]]></system-out>
  </testcase>
</testsuite>